<?xml version="1.0" encoding="UTF-8"?>
<!-- Generated by org.testng.reporters.JUnitReportReporter -->
<testsuite hostname="NMSLAP494" failures="0" tests="6" name="runner.Runner" time="33.639" errors="0" timestamp="2023-01-05T12:18:47 IST" skipped="0">
  <testcase classname="runner.Runner" name="runScenario" time="1.176"/>
  <system-out/>
  <testcase classname="runner.Runner" name="runScenario" time="2.236"/>
  <system-out/>
  <testcase classname="runner.Runner" name="runScenario" time="14.374"/>
  <system-out/>
  <testcase classname="runner.Runner" name="runScenario" time="2.612"/>
  <system-out/>
  <testcase classname="runner.Runner" name="runScenario" time="6.841"/>
  <system-out/>
  <testcase classname="runner.Runner" name="runScenario" time="6.400"/>
  <system-out/>
</testsuite> <!-- runner.Runner -->
