<?xml version="1.0" encoding="UTF-8"?>
<!-- Generated by org.testng.reporters.JUnitReportReporter -->
<testsuite hostname="NMSLAP494" failures="0" tests="7" name="runner.Test_Runner" time="91.018" errors="0" timestamp="2023-01-06T13:40:20 IST" skipped="0">
  <testcase classname="runner.Test_Runner" name="runScenario" time="24.672"/>
  <system-out/>
  <testcase classname="runner.Test_Runner" name="runScenario" time="6.200"/>
  <system-out/>
  <testcase classname="runner.Test_Runner" name="runScenario" time="2.776"/>
  <system-out/>
  <testcase classname="runner.Test_Runner" name="runScenario" time="10.798"/>
  <system-out/>
  <testcase classname="runner.Test_Runner" name="runScenario" time="9.476"/>
  <system-out/>
  <testcase classname="runner.Test_Runner" name="runScenario" time="34.813"/>
  <system-out/>
  <testcase classname="runner.Test_Runner" name="runScenario" time="2.283"/>
  <system-out/>
</testsuite> <!-- runner.Test_Runner -->
