<?xml version="1.0" encoding="UTF-8"?>
<!-- Generated by org.testng.reporters.JUnitReportReporter -->
<testsuite hostname="NMSLAP494" failures="0" tests="1" name="payload.PurchasOrder" time="2.556" errors="0" timestamp="2023-01-03T10:09:21 IST" skipped="0">
  <testcase classname="payload.PurchasOrder" name="payload" time="2.556"/>
  <system-out/>
</testsuite> <!-- payload.PurchasOrder -->
