<?xml version="1.0" encoding="UTF-8"?>
<!-- Generated by org.testng.reporters.JUnitReportReporter -->
<testsuite hostname="NMSLAP494" failures="0" tests="1" name="payload.PurchesOrder" time="2.374" errors="0" timestamp="2023-01-02T17:44:56 IST" skipped="0">
  <testcase classname="payload.PurchesOrder" name="payload" time="2.374"/>
  <system-out/>
</testsuite> <!-- payload.PurchesOrder -->
